C51 COMPILER V9.00   TIMER                                                                 04/11/2018 14:39:42 PAGE 1   


C51 COMPILER V9.00, COMPILATION OF MODULE TIMER
OBJECT MODULE PLACED IN .\list\timer.obj
COMPILER INVOKED BY: D:\工具\Keil 4\C51\BIN\C51.EXE timer.c BROWSE DEBUG OBJECTEXTEND PRINT(.\list\timer.lst) OBJECT(.\l
                    -ist\timer.obj)

line level    source

   1          
   2          /*------------------------------------------------------------------*/
   3          /* --- STC MCU International Limited -------------------------------*/
   4          /* --- STC 1T Series MCU RC Demo -----------------------------------*/
   5          /* --- Mobile: (86)13922805190 -------------------------------------*/
   6          /* --- Fax: 86-0513-55012956,55012947,55012969 ---------------------*/
   7          /* --- Tel: 86-0513-55012928,55012929,55012966 ---------------------*/
   8          /* --- Web: www.GXWMCU.com -----------------------------------------*/
   9          /* --- QQ:  800003751 ----------------------------------------------*/
  10          /* If you want to use the program or the program referenced in the  */
  11          /* article, please specify in which data and procedures from STC    */
  12          /*------------------------------------------------------------------*/
  13          
  14          /*************  功能说明        **************
  15          
  16          本文件为STC15xxx系列的定时器初始化和中断程序,用户可以在这个文件中修改自己需要的中断程序.
  17          
  18          
  19          ******************************************/
  20          
  21          
  22          
  23          #include        "timer.h"
  24           
  25          /********************* Timer0中断函数************************/
  26          void timer0_int (void) interrupt TIMER0_VECTOR
  27          {
  28   1         //P25 = ~P25;
  29   1              times++;
  30   1          if(times==2000) times=0;
  31   1              if(times==50) P1=0xff;
  32   1              if(times>=50&&times<=250)
  33   1              {
  34   2              if(times==pwm[0]) P10=~P10;
  35   2              if(times==pwm[1]) P11=~P11;
  36   2              if(times==pwm[2]) P12=~P12;
  37   2              if(times==pwm[3]) P13=~P13;
  38   2              if(times==pwm[4]) P14=~P14;
  39   2              if(times==pwm[5]) P15=~P15;
  40   2              if(times==pwm[6]) P16=~P16;
  41   2              if(times==pwm[7]) P17=~P17;
  42   2              }
  43   1      
  44   1      }
  45          
  46          /********************* Timer1中断函数************************/
  47          void timer1_int (void) interrupt TIMER1_VECTOR
  48          {
  49   1         P26 = ~P26;
  50   1      
  51   1      }
  52          
  53          /********************* Timer2中断函数************************/
  54          void timer2_int (void) interrupt TIMER2_VECTOR
C51 COMPILER V9.00   TIMER                                                                 04/11/2018 14:39:42 PAGE 2   

  55          {
  56   1              P10 = ~P10;
  57   1      }
  58          
  59          
  60          //========================================================================
  61          // 函数: u8     Timer_Inilize(u8 TIM, TIM_InitTypeDef *TIMx)
  62          // 描述: 定时器初始化程序.
  63          // 参数: TIMx: 结构参数,请参考timer.h里的定义.
  64          // 返回: 成功返回0, 空操作返回1,错误返回2.
  65          // 版本: V1.0, 2012-10-22
  66          //========================================================================
  67          u8      Timer_Inilize(u8 TIM, TIM_InitTypeDef *TIMx)
  68          {
  69   1              if(TIM > Timer2)        return 1;       //空操作
  70   1      
  71   1              if(TIM == Timer0)
  72   1              {
  73   2                      TR0 = 0;                //停止计数
  74   2                      if(TIMx->TIM_Interrupt == ENABLE)               ET0 = 1;        //允许中断
  75   2                      else                                                                    ET0 = 0;        //禁止中断
  76   2                      if(TIMx->TIM_Polity == PolityHigh)              PT0 = 1;        //高优先级中断
  77   2                      else                                                                    PT0 = 0;        //低优先级中断
  78   2                      if(TIMx->TIM_Mode >  TIM_16BitAutoReloadNoMask) return 2;       //错误
  79   2                      TMOD = (TMOD & ~0x03) | TIMx->TIM_Mode; //工作模式,0: 16位自动重装, 1: 16位定时/计数, 2: 8位自动重装, 3:
             - 16位自动重装, 不可屏蔽中断
  80   2                      if(TIMx->TIM_ClkSource == TIM_CLOCK_12T)        AUXR &= ~0x80;  //12T
  81   2                      if(TIMx->TIM_ClkSource == TIM_CLOCK_1T)         AUXR |=  0x80;  //1T
  82   2                      if(TIMx->TIM_ClkSource == TIM_CLOCK_Ext)        TMOD |=  0x04;  //对外计数或分频
  83   2                      else                                                                            TMOD &= ~0x04;  //定时
  84   2                      if(TIMx->TIM_ClkOut == ENABLE)  INT_CLKO |=  0x01;      //输出时钟
  85   2                      else                                                    INT_CLKO &= ~0x01;      //不输出时钟
  86   2                      
  87   2                      TH0 = (u8)(TIMx->TIM_Value >> 8);
  88   2                      TL0 = (u8)TIMx->TIM_Value;
  89   2                      if(TIMx->TIM_Run == ENABLE)     TR0 = 1;        //开始运行
  90   2                      return  0;              //成功
  91   2              }
  92   1      
  93   1              if(TIM == Timer1)
  94   1              {
  95   2                      TR1 = 0;                //停止计数
  96   2                      if(TIMx->TIM_Interrupt == ENABLE)               ET1 = 1;        //允许中断
  97   2                      else                                                                    ET1 = 0;        //禁止中断
  98   2                      if(TIMx->TIM_Polity == PolityHigh)              PT1 = 1;        //高优先级中断
  99   2                      else                                                                    PT1 = 0;        //低优先级中断
 100   2                      if(TIMx->TIM_Mode >= TIM_16BitAutoReloadNoMask) return 2;       //错误
 101   2                      TMOD = (TMOD & ~0x30) | TIMx->TIM_Mode; //工作模式,0: 16位自动重装, 1: 16位定时/计数, 2: 8位自动重装
 102   2                      if(TIMx->TIM_ClkSource == TIM_CLOCK_12T)        AUXR &= ~0x40;  //12T
 103   2                      if(TIMx->TIM_ClkSource == TIM_CLOCK_1T)         AUXR |=  0x40;  //1T
 104   2                      if(TIMx->TIM_ClkSource == TIM_CLOCK_Ext)        TMOD |=  0x40;  //对外计数或分频
 105   2                      else                                                                            TMOD &= ~0x40;  //定时
 106   2                      if(TIMx->TIM_ClkOut == ENABLE)  INT_CLKO |=  0x02;      //输出时钟
 107   2                      else                                                    INT_CLKO &= ~0x02;      //不输出时钟
 108   2                      
 109   2                      TH1 = (u8)(TIMx->TIM_Value >> 8);
 110   2                      TL1 = (u8)TIMx->TIM_Value;
 111   2                      if(TIMx->TIM_Run == ENABLE)     TR1 = 1;        //开始运行
 112   2                      return  0;              //成功
 113   2              }
 114   1      
 115   1              if(TIM == Timer2)               //Timer2,固定为16位自动重装, 中断无优先级
C51 COMPILER V9.00   TIMER                                                                 04/11/2018 14:39:42 PAGE 3   

 116   1              {
 117   2                      AUXR &= ~(1<<4);        //停止计数
 118   2                      if(TIMx->TIM_Interrupt == ENABLE)                       IE2  |=  (1<<2);        //允许中断
 119   2                      else                                                                            IE2  &= ~(1<<2);        //禁止中断
 120   2                      if(TIMx->TIM_ClkSource >  TIM_CLOCK_Ext)        return 2;
 121   2                      if(TIMx->TIM_ClkSource == TIM_CLOCK_12T)        AUXR &= ~(1<<2);        //12T
 122   2                      if(TIMx->TIM_ClkSource == TIM_CLOCK_1T)         AUXR |=  (1<<2);        //1T
 123   2                      if(TIMx->TIM_ClkSource == TIM_CLOCK_Ext)        AUXR |=  (1<<3);        //对外计数或分频
 124   2                      else                                                                            AUXR &= ~(1<<3);        //定时
 125   2                      if(TIMx->TIM_ClkOut == ENABLE)  INT_CLKO |=  0x04;      //输出时钟
 126   2                      else                                                    INT_CLKO &= ~0x04;      //不输出时钟
 127   2      
 128   2                      TH2 = (u8)(TIMx->TIM_Value >> 8);
 129   2                      TL2 = (u8)TIMx->TIM_Value;
 130   2                      if(TIMx->TIM_Run == ENABLE)     AUXR |=  (1<<4);        //开始运行
 131   2                      return  0;              //成功
 132   2              }
 133   1              return 2;       //错误
 134   1      }


MODULE INFORMATION:   STATIC OVERLAYABLE
   CODE SIZE        =    569    ----
   CONSTANT SIZE    =   ----    ----
   XDATA SIZE       =   ----    ----
   PDATA SIZE       =   ----    ----
   DATA SIZE        =   ----    ----
   IDATA SIZE       =   ----    ----
   BIT SIZE         =   ----    ----
END OF MODULE INFORMATION.


C51 COMPILATION COMPLETE.  0 WARNING(S),  0 ERROR(S)
